<?xml version="1.0" encoding="UTF-8"?>
<testng-results ignored="0" total="3" passed="2" failed="1" skipped="0">
  <reporter-output>
  </reporter-output>
  <suite started-at="2020-03-28T18:25:37 IST" name="Default suite" finished-at="2020-03-28T18:26:53 IST" duration-ms="75687">
    <groups>
    </groups>
    <test started-at="2020-03-28T18:25:37 IST" name="Default test" finished-at="2020-03-28T18:26:53 IST" duration-ms="75687">
      <class name="TESTCASES.Test1">
        <test-method is-config="true" signature="lanuchBrowser()[pri:0, instance:TESTCASES.Test1@2b6faea6]" started-at="2020-03-28T18:25:40 IST" name="lanuchBrowser" finished-at="2020-03-28T18:25:58 IST" duration-ms="18470" status="PASS">
          <reporter-output>
          </reporter-output>
        </test-method> <!-- lanuchBrowser -->
        <test-method signature="login_blank(java.lang.String, java.lang.String, java.lang.String)[pri:2, instance:TESTCASES.Test1@2b6faea6]" started-at="2020-03-28T18:25:58 IST" name="login_blank" data-provider="blank_login_data" finished-at="2020-03-28T18:26:04 IST" duration-ms="5708" status="FAIL">
          <params>
            <param index="0">
              <value>
                <![CDATA[blank]]>
              </value>
            </param>
            <param index="1">
              <value>
                <![CDATA[admin]]>
              </value>
            </param>
            <param index="2">
              <value>
                <![CDATA[The value in field login is required.
]]>
              </value>
            </param>
          </params>
          <exception class="java.lang.AssertionError">
            <message>
              <![CDATA[expected [true] but found [false]]]>
            </message>
            <full-stacktrace>
              <![CDATA[java.lang.AssertionError: expected [true] but found [false]
at org.testng.Assert.fail(Assert.java:97)
at org.testng.Assert.failNotEquals(Assert.java:968)
at org.testng.Assert.assertTrue(Assert.java:43)
at org.testng.Assert.assertTrue(Assert.java:53)
at TESTCASES.Test1.login_blank(Test1.java:65)
at java.base/jdk.internal.reflect.NativeMethodAccessorImpl.invoke0(Native Method)
at java.base/jdk.internal.reflect.NativeMethodAccessorImpl.invoke(NativeMethodAccessorImpl.java:62)
at java.base/jdk.internal.reflect.DelegatingMethodAccessorImpl.invoke(DelegatingMethodAccessorImpl.java:43)
at java.base/java.lang.reflect.Method.invoke(Method.java:567)
at org.testng.internal.MethodInvocationHelper.invokeMethod(MethodInvocationHelper.java:135)
at org.testng.internal.TestInvoker.invokeMethod(TestInvoker.java:598)
at org.testng.internal.TestInvoker.invokeTestMethod(TestInvoker.java:174)
at org.testng.internal.MethodRunner.runInSequence(MethodRunner.java:46)
at org.testng.internal.TestInvoker$MethodInvocationAgent.invoke(TestInvoker.java:821)
at org.testng.internal.TestInvoker.invokeTestMethods(TestInvoker.java:147)
at org.testng.internal.TestMethodWorker.invokeTestMethods(TestMethodWorker.java:146)
at org.testng.internal.TestMethodWorker.run(TestMethodWorker.java:128)
at java.base/java.util.ArrayList.forEach(ArrayList.java:1507)
at org.testng.TestRunner.privateRun(TestRunner.java:767)
at org.testng.TestRunner.run(TestRunner.java:588)
at org.testng.SuiteRunner.runTest(SuiteRunner.java:384)
at org.testng.SuiteRunner.runSequentially(SuiteRunner.java:378)
at org.testng.SuiteRunner.privateRun(SuiteRunner.java:337)
at org.testng.SuiteRunner.run(SuiteRunner.java:286)
at org.testng.SuiteRunnerWorker.runSuite(SuiteRunnerWorker.java:53)
at org.testng.SuiteRunnerWorker.run(SuiteRunnerWorker.java:96)
at org.testng.TestNG.runSuitesSequentially(TestNG.java:1214)
at org.testng.TestNG.runSuitesLocally(TestNG.java:1136)
at org.testng.TestNG.runSuites(TestNG.java:1066)
at org.testng.TestNG.run(TestNG.java:1034)
at org.testng.remote.AbstractRemoteTestNG.run(AbstractRemoteTestNG.java:115)
at org.testng.remote.RemoteTestNG.initAndRun(RemoteTestNG.java:251)
at org.testng.remote.RemoteTestNG.main(RemoteTestNG.java:77)
]]>
            </full-stacktrace>
          </exception> <!-- java.lang.AssertionError -->
          <reporter-output>
          </reporter-output>
        </test-method> <!-- login_blank -->
        <test-method is-config="true" signature="closeBrowser()[pri:0, instance:TESTCASES.Test1@2b6faea6]" started-at="2020-03-28T18:26:04 IST" name="closeBrowser" finished-at="2020-03-28T18:26:08 IST" duration-ms="4493" status="PASS">
          <reporter-output>
          </reporter-output>
        </test-method> <!-- closeBrowser -->
        <test-method is-config="true" signature="lanuchBrowser()[pri:0, instance:TESTCASES.Test1@2b6faea6]" started-at="2020-03-28T18:26:08 IST" name="lanuchBrowser" finished-at="2020-03-28T18:26:23 IST" duration-ms="14722" status="PASS">
          <reporter-output>
          </reporter-output>
        </test-method> <!-- lanuchBrowser -->
        <test-method signature="login_blank(java.lang.String, java.lang.String, java.lang.String)[pri:2, instance:TESTCASES.Test1@2b6faea6]" started-at="2020-03-28T18:26:23 IST" name="login_blank" data-provider="blank_login_data" finished-at="2020-03-28T18:26:28 IST" duration-ms="5084" status="PASS">
          <params>
            <param index="0">
              <value>
                <![CDATA[admin]]>
              </value>
            </param>
            <param index="1">
              <value>
                <![CDATA[blank]]>
              </value>
            </param>
            <param index="2">
              <value>
                <![CDATA[The value in field password is required.]]>
              </value>
            </param>
          </params>
          <reporter-output>
          </reporter-output>
        </test-method> <!-- login_blank -->
        <test-method is-config="true" signature="closeBrowser()[pri:0, instance:TESTCASES.Test1@2b6faea6]" started-at="2020-03-28T18:26:28 IST" name="closeBrowser" finished-at="2020-03-28T18:26:30 IST" duration-ms="1654" status="PASS">
          <reporter-output>
          </reporter-output>
        </test-method> <!-- closeBrowser -->
        <test-method is-config="true" signature="lanuchBrowser()[pri:0, instance:TESTCASES.Test1@2b6faea6]" started-at="2020-03-28T18:26:30 IST" name="lanuchBrowser" finished-at="2020-03-28T18:26:44 IST" duration-ms="14314" status="PASS">
          <reporter-output>
          </reporter-output>
        </test-method> <!-- lanuchBrowser -->
        <test-method signature="login_blank(java.lang.String, java.lang.String, java.lang.String)[pri:2, instance:TESTCASES.Test1@2b6faea6]" started-at="2020-03-28T18:26:44 IST" name="login_blank" data-provider="blank_login_data" finished-at="2020-03-28T18:26:49 IST" duration-ms="4438" status="PASS">
          <params>
            <param index="0">
              <value>
                <![CDATA[blank]]>
              </value>
            </param>
            <param index="1">
              <value>
                <![CDATA[blank]]>
              </value>
            </param>
            <param index="2">
              <value>
                <![CDATA[The value in field login is required.
The value in field password is required.]]>
              </value>
            </param>
          </params>
          <reporter-output>
          </reporter-output>
        </test-method> <!-- login_blank -->
        <test-method is-config="true" signature="closeBrowser()[pri:0, instance:TESTCASES.Test1@2b6faea6]" started-at="2020-03-28T18:26:49 IST" name="closeBrowser" finished-at="2020-03-28T18:26:53 IST" duration-ms="4328" status="PASS">
          <reporter-output>
          </reporter-output>
        </test-method> <!-- closeBrowser -->
      </class> <!-- TESTCASES.Test1 -->
    </test> <!-- Default test -->
  </suite> <!-- Default suite -->
</testng-results>
